  main.cpp
c:\users\otopo\source\repos\space invaders\space invaders\sheild.h(20): warning C4244: 'argument': conversion from 'int' to 'T', possible loss of data
          with
          [
              T=float
          ]
c:\users\otopo\source\repos\space invaders\space invaders\main.cpp(48): warning C4305: 'argument': truncation from 'double' to 'float'
c:\users\otopo\source\repos\space invaders\space invaders\main.cpp(54): warning C4305: 'argument': truncation from 'double' to 'float'
c:\users\otopo\source\repos\space invaders\space invaders\main.cpp(201): warning C4305: 'argument': truncation from 'double' to 'float'
c:\users\otopo\source\repos\space invaders\space invaders\main.cpp(227): warning C4305: 'argument': truncation from 'double' to 'float'
c:\users\otopo\source\repos\space invaders\space invaders\main.cpp(230): warning C4305: 'argument': truncation from 'double' to 'float'
c:\users\otopo\source\repos\space invaders\space invaders\main.cpp(233): warning C4305: 'argument': truncation from 'double' to 'float'
c:\users\otopo\source\repos\space invaders\space invaders\main.cpp(236): warning C4305: 'argument': truncation from 'double' to 'float'
c:\users\otopo\source\repos\space invaders\space invaders\main.cpp(414): warning C4244: '=': conversion from 'double' to 'T', possible loss of data
          with
          [
              T=float
          ]
c:\users\otopo\source\repos\space invaders\space invaders\main.cpp(419): warning C4244: '=': conversion from 'double' to 'T', possible loss of data
          with
          [
              T=float
          ]
c:\users\otopo\source\repos\space invaders\space invaders\main.cpp(420): warning C4244: '=': conversion from 'double' to 'T', possible loss of data
          with
          [
              T=float
          ]
c:\users\otopo\source\repos\space invaders\space invaders\main.cpp(426): warning C4244: 'argument': conversion from 'int' to 'float', possible loss of data
c:\users\otopo\source\repos\space invaders\space invaders\main.cpp(464): warning C4244: '=': conversion from 'T' to 'int', possible loss of data
          with
          [
              T=float
          ]
c:\users\otopo\source\repos\space invaders\space invaders\main.cpp(465): warning C4244: '=': conversion from 'const T' to 'int', possible loss of data
          with
          [
              T=float
          ]
c:\users\otopo\source\repos\space invaders\space invaders\main.cpp(537): warning C4244: 'argument': conversion from 'int' to 'float', possible loss of data
c:\users\otopo\source\repos\space invaders\space invaders\main.cpp(594): warning C4244: 'argument': conversion from 'int' to 'float', possible loss of data
c:\users\otopo\source\repos\space invaders\space invaders\main.cpp(598): warning C4244: 'argument': conversion from 'int' to 'float', possible loss of data
c:\users\otopo\source\repos\space invaders\space invaders\main.cpp(602): warning C4244: 'argument': conversion from 'int' to 'float', possible loss of data
c:\users\otopo\source\repos\space invaders\space invaders\main.cpp(606): warning C4244: 'argument': conversion from 'int' to 'float', possible loss of data
c:\users\otopo\source\repos\space invaders\space invaders\main.cpp(610): warning C4244: 'argument': conversion from 'int' to 'float', possible loss of data
c:\users\otopo\source\repos\space invaders\space invaders\main.cpp(618): warning C4244: 'argument': conversion from 'time_t' to 'unsigned int', possible loss of data
  Space Invaders.vcxproj -> C:\Users\otopo\source\repos\Space Invaders\x64\Debug\Space Invaders.exe
